Start testing: Sep 21 15:05 CDT
----------------------------------------------------------
1/2 Testing: numeric-tests
1/2 Test: numeric-tests
Command: "/home/daniel/projects/matmul-inspector/build/numeric-tests"
Directory: /home/daniel/projects/matmul-inspector/build
"numeric-tests" start time: Sep 21 15:05 CDT
Output:
----------------------------------------------------------
<end of output>
Test time =   0.00 sec
----------------------------------------------------------
Test Passed.
"numeric-tests" end time: Sep 21 15:05 CDT
"numeric-tests" time elapsed: 00:00:00
----------------------------------------------------------

2/2 Testing: matrix-tests
2/2 Test: matrix-tests
Command: "/home/daniel/projects/matmul-inspector/build/matrix-tests"
Directory: /home/daniel/projects/matmul-inspector/build
"matrix-tests" start time: Sep 21 15:05 CDT
Output:
----------------------------------------------------------
<end of output>
Test time =   0.00 sec
----------------------------------------------------------
Test Passed.
"matrix-tests" end time: Sep 21 15:05 CDT
"matrix-tests" time elapsed: 00:00:00
----------------------------------------------------------

End testing: Sep 21 15:05 CDT
