Start testing: Sep 21 15:43 CDT
----------------------------------------------------------
1/4 Testing: numeric-tests
1/4 Test: numeric-tests
Command: "/home/daniel/projects/matmul-inspector/build/numeric-tests"
Directory: /home/daniel/projects/matmul-inspector/build
"numeric-tests" start time: Sep 21 15:43 CDT
Output:
----------------------------------------------------------
<end of output>
Test time =   0.00 sec
----------------------------------------------------------
Test Passed.
"numeric-tests" end time: Sep 21 15:43 CDT
"numeric-tests" time elapsed: 00:00:00
----------------------------------------------------------

2/4 Testing: matrix-tests
2/4 Test: matrix-tests
Command: "/home/daniel/projects/matmul-inspector/build/matrix-tests"
Directory: /home/daniel/projects/matmul-inspector/build
"matrix-tests" start time: Sep 21 15:43 CDT
Output:
----------------------------------------------------------
<end of output>
Test time =   0.00 sec
----------------------------------------------------------
Test Passed.
"matrix-tests" end time: Sep 21 15:43 CDT
"matrix-tests" time elapsed: 00:00:00
----------------------------------------------------------

3/4 Testing: comparison-tests
3/4 Test: comparison-tests
Command: "/home/daniel/projects/matmul-inspector/build/comparison-tests"
Directory: /home/daniel/projects/matmul-inspector/build
"comparison-tests" start time: Sep 21 15:43 CDT
Output:
----------------------------------------------------------
<end of output>
Test time =   0.00 sec
----------------------------------------------------------
Test Passed.
"comparison-tests" end time: Sep 21 15:43 CDT
"comparison-tests" time elapsed: 00:00:00
----------------------------------------------------------

4/4 Testing: cuda-matmul-tests
4/4 Test: cuda-matmul-tests
Command: "/home/daniel/projects/matmul-inspector/build/cuda-matmul-tests"
Directory: /home/daniel/projects/matmul-inspector/build
"cuda-matmul-tests" start time: Sep 21 15:43 CDT
Output:
----------------------------------------------------------
<end of output>
Test time =   0.23 sec
----------------------------------------------------------
Test Passed.
"cuda-matmul-tests" end time: Sep 21 15:43 CDT
"cuda-matmul-tests" time elapsed: 00:00:00
----------------------------------------------------------

End testing: Sep 21 15:43 CDT
